<component name="libraryTable">
  <library name="junit.jupiter.params" type="repository">
    <properties maven-id="org.junit.jupiter:junit-jupiter-params:5.8.2" />
    <CLASSES>
      <root url="jar://$PROJECT_DIR$/lib/junit-jupiter-params-5.8.2.jar!/" />
      <root url="jar://$PROJECT_DIR$/lib/junit-jupiter-api-5.8.2.jar!/" />
      <root url="jar://$PROJECT_DIR$/lib/opentest4j-1.2.0.jar!/" />
      <root url="jar://$PROJECT_DIR$/lib/junit-platform-commons-1.8.2.jar!/" />
      <root url="jar://$PROJECT_DIR$/lib/apiguardian-api-1.1.2.jar!/" />
    </CLASSES>
    <JAVADOC>
      <root url="jar://$PROJECT_DIR$/lib/junit-jupiter-params-5.8.2-javadoc.jar!/" />
      <root url="jar://$PROJECT_DIR$/lib/junit-jupiter-api-5.8.2-javadoc.jar!/" />
      <root url="jar://$PROJECT_DIR$/lib/opentest4j-1.2.0-javadoc.jar!/" />
      <root url="jar://$PROJECT_DIR$/lib/junit-platform-commons-1.8.2-javadoc.jar!/" />
      <root url="jar://$PROJECT_DIR$/lib/apiguardian-api-1.1.2-javadoc.jar!/" />
    </JAVADOC>
    <SOURCES>
      <root url="jar://$PROJECT_DIR$/lib/junit-jupiter-params-5.8.2-sources.jar!/" />
      <root url="jar://$PROJECT_DIR$/lib/junit-jupiter-api-5.8.2-sources.jar!/" />
      <root url="jar://$PROJECT_DIR$/lib/opentest4j-1.2.0-sources.jar!/" />
      <root url="jar://$PROJECT_DIR$/lib/junit-platform-commons-1.8.2-sources.jar!/" />
      <root url="jar://$PROJECT_DIR$/lib/apiguardian-api-1.1.2-sources.jar!/" />
    </SOURCES>
  </library>
</component>